<?xml version="1.0" encoding="UTF-8"?>
<!-- Generated by org.testng.reporters.JUnitReportReporter -->
<testsuite skipped="0" hostname="nipunverma" name="TestRunner.TestRunner" tests="5" failures="0" timestamp="2022-04-19T19:15:49 IST" time="116.361" errors="0">
  <testcase name="runScenario" time="36.246" classname="TestRunner.TestRunner"/>
  <system-out/>
  <testcase name="runScenario" time="12.088" classname="TestRunner.TestRunner"/>
  <system-out/>
  <testcase name="runScenario" time="13.857" classname="TestRunner.TestRunner"/>
  <system-out/>
  <testcase name="runScenario" time="24.264" classname="TestRunner.TestRunner"/>
  <system-out/>
  <testcase name="runScenario" time="29.906" classname="TestRunner.TestRunner"/>
  <system-out/>
</testsuite> <!-- TestRunner.TestRunner -->
