<?xml version="1.0" encoding="UTF-8"?>
<!-- Generated by org.testng.reporters.JUnitReportReporter -->
<testsuite hostname="nipunverma" failures="0" tests="1" name="TestRunner.TestRunner" time="0.000" errors="0" timestamp="2022-02-10T13:58:34 IST" skipped="1">
  <testcase classname="TestRunner.TestRunner" name="feature" time="0.000">
    <skipped/>
  </testcase> <!-- feature -->
  <system-out/>
</testsuite> <!-- TestRunner.TestRunner -->
