<?xml version="1.0" encoding="UTF-8"?>
<!-- Generated by org.testng.reporters.JUnitReportReporter -->
<testsuite name="TestRunner.TestRunner" tests="1" time="0.000" ignored="0" failures="0" timestamp="23 Nov 2021 12:16:32 GMT" skipped="1" hostname="nipunverma" errors="0">
  <testcase name="feature" time="0.000" classname="TestRunner.TestRunner">
    <skipped/>
  </testcase> <!-- feature -->
</testsuite> <!-- TestRunner.TestRunner -->
