<?xml version="1.0" encoding="UTF-8"?>
<!-- Generated by org.testng.reporters.JUnitReportReporter -->
<testsuite skipped="0" hostname="nipunverma" name="TestRunner.TestRunner" tests="5" failures="0" timestamp="19 Apr 2022 13:27:05 GMT" time="1.430" errors="5">
  <testcase name="runScenario" time="0.286" classname="TestRunner.TestRunner">
    <error type="java.lang.NullPointerException">
      <![CDATA[java.lang.NullPointerException
at StepDefination.AccountCreate.user_wants_to_login_to_Site(AccountCreate.java:49)
at ✽.User wants to login to Site "http://www.airtel.com"(src/test/java/Features/Feature.feature:8)
]]>
    </error>
  </testcase> <!-- runScenario -->
  <testcase name="runScenario" time="0.286" classname="TestRunner.TestRunner">
    <error type="java.lang.NullPointerException">
      <![CDATA[java.lang.NullPointerException
at StepDefination.AccountCreate.user_wants_to_login_to_Site(AccountCreate.java:49)
at ✽.User wants to login to Site "https://www.google.com"(src/test/java/Features/Feature.feature:4)
]]>
    </error>
  </testcase> <!-- runScenario -->
  <testcase name="runScenario" time="0.286" classname="TestRunner.TestRunner">
    <error type="java.lang.NullPointerException">
      <![CDATA[java.lang.NullPointerException
at StepDefination.AccountCreate.user_wants_to_login_to_Site(AccountCreate.java:49)
at ✽.User wants to login to Site "http://www.olx.com"(src/test/java/Features/Feature.feature:20)
]]>
    </error>
  </testcase> <!-- runScenario -->
  <testcase name="runScenario" time="0.286" classname="TestRunner.TestRunner">
    <error type="java.lang.NullPointerException">
      <![CDATA[java.lang.NullPointerException
at StepDefination.AccountCreate.user_wants_to_login_to_Site(AccountCreate.java:49)
at ✽.User wants to login to Site "http://www.amazon.com"(src/test/java/Features/Feature.feature:16)
]]>
    </error>
  </testcase> <!-- runScenario -->
  <testcase name="runScenario" time="0.286" classname="TestRunner.TestRunner">
    <error type="java.lang.NullPointerException">
      <![CDATA[java.lang.NullPointerException
at StepDefination.AccountCreate.user_wants_to_login_to_Site(AccountCreate.java:49)
at ✽.User wants to login to Site "http://www.flipkart.com"(src/test/java/Features/Feature.feature:12)
]]>
    </error>
  </testcase> <!-- runScenario -->
</testsuite> <!-- TestRunner.TestRunner -->
